# JRE version: OpenJDK Runtime Environment Temurin-21.0.10+7 (21.0.10+7) (build 21.0.10+7-LTS)
# Java VM: OpenJDK 64-Bit Server VM Temurin-21.0.10+7 (21.0.10+7-LTS, mixed mode, sharing, tiered, compressed oops, compressed class ptrs, parallel gc, windows-amd64)
GC Precious Log:
 CardTable entry size: 512
 CPUs: 8 total, 8 available
 Memory: 16259M
 Large Page Support: Disabled
 NUMA Support: Disabled
 Compressed Oops: Enabled (32-bit)
 Alignments: Space 512K, Generation 512K, Heap 2M
 Heap Min Capacity: 100M
 Heap Initial Capacity: 100M
 Heap Max Capacity: 2G
 Pre-touch: Disabled
 Parallel Workers: 8
Heap:
 PSYoungGen      total 2560K, used 385K [0x00000000d5580000, 0x00000000d5a00000, 0x0000000100000000)
  eden space 2048K, 9% used [0x00000000d5580000,0x00000000d55b0598,0x00000000d5780000)
  from space 512K, 37% used [0x00000000d5900000,0x00000000d5930000,0x00000000d5980000)
  to   space 512K, 0% used [0x00000000d5980000,0x00000000d5980000,0x00000000d5a00000)
 ParOldGen       total 614912K, used 345324K [0x0000000080000000, 0x00000000a5880000, 0x00000000d5580000)
  object space 614912K, 56% used [0x0000000080000000,0x000000009513b390,0x00000000a5880000)
 Metaspace       used 81378K, committed 83136K, reserved 1179648K
  class space    used 8236K, committed 9024K, reserved 1048576K
GC Heap History (20 events):
Event: 88443.062 GC heap before
{Heap before GC invocations=1800 (full 4):
 PSYoungGen      total 3072K, used 3021K [0x00000000d5580000, 0x00000000d5a80000, 0x0000000100000000)
  eden space 2048K, 100% used [0x00000000d5580000,0x00000000d5780000,0x00000000d5780000)
  from space 1024K, 95% used [0x00000000d5880000,0x00000000d5973510,0x00000000d5980000)
  to   space 1024K, 0% used [0x00000000d5980000,0x00000000d5980000,0x00000000d5a80000)
 ParOldGen       total 614912K, used 342890K [0x0000000080000000, 0x00000000a5880000, 0x00000000d5580000)
  object space 614912K, 55% used [0x0000000080000000,0x0000000094eda8f0,0x00000000a5880000)
 Metaspace       used 81275K, committed 83072K, reserved 1179648K
  class space    used 8231K, committed 9024K, reserved 1048576K
}
Event: 88443.073 GC heap after
{Heap after GC invocations=1800 (full 4):
 PSYoungGen      total 2560K, used 192K [0x00000000d5580000, 0x00000000d5a00000, 0x0000000100000000)
  eden space 2048K, 0% used [0x00000000d5580000,0x00000000d5580000,0x00000000d5780000)
  from space 512K, 37% used [0x00000000d5980000,0x00000000d59b0000,0x00000000d5a00000)
  to   space 512K, 0% used [0x00000000d5900000,0x00000000d5900000,0x00000000d5980000)
 ParOldGen       total 614912K, used 343743K [0x0000000080000000, 0x00000000a5880000, 0x00000000d5580000)
  object space 614912K, 55% used [0x0000000080000000,0x0000000094fafe10,0x00000000a5880000)
 Metaspace       used 81275K, committed 83072K, reserved 1179648K
  class space    used 8231K, committed 9024K, reserved 1048576K
}
Event: 88443.152 GC heap before
{Heap before GC invocations=1801 (full 4):
 PSYoungGen      total 2560K, used 1809K [0x00000000d5580000, 0x00000000d5a00000, 0x0000000100000000)
  eden space 2048K, 78% used [0x00000000d5580000,0x00000000d57144c0,0x00000000d5780000)
  from space 512K, 37% used [0x00000000d5980000,0x00000000d59b0000,0x00000000d5a00000)
  to   space 512K, 0% used [0x00000000d5900000,0x00000000d5900000,0x00000000d5980000)
 ParOldGen       total 614912K, used 343743K [0x0000000080000000, 0x00000000a5880000, 0x00000000d5580000)
  object space 614912K, 55% used [0x0000000080000000,0x0000000094fafe10,0x00000000a5880000)
 Metaspace       used 81292K, committed 83072K, reserved 1179648K
  class space    used 8232K, committed 9024K, reserved 1048576K
}
Event: 88443.155 GC heap after
{Heap after GC invocations=1801 (full 4):
 PSYoungGen      total 2560K, used 192K [0x00000000d5580000, 0x00000000d5a00000, 0x0000000100000000)
  eden space 2048K, 0% used [0x00000000d5580000,0x00000000d5580000,0x00000000d5780000)
  from space 512K, 37% used [0x00000000d5900000,0x00000000d5930000,0x00000000d5980000)
  to   space 512K, 0% used [0x00000000d5980000,0x00000000d5980000,0x00000000d5a00000)
 ParOldGen       total 614912K, used 343807K [0x0000000080000000, 0x00000000a5880000, 0x00000000d5580000)
  object space 614912K, 55% used [0x0000000080000000,0x0000000094fbfe10,0x00000000a5880000)
 Metaspace       used 81292K, committed 83072K, reserved 1179648K
  class space    used 8232K, committed 9024K, reserved 1048576K
}
Event: 88443.453 GC heap before
{Heap before GC invocations=1802 (full 4):
 PSYoungGen      total 2560K, used 2239K [0x00000000d5580000, 0x00000000d5a00000, 0x0000000100000000)
  eden space 2048K, 99% used [0x00000000d5580000,0x00000000d577ffd8,0x00000000d5780000)
  from space 512K, 37% used [0x00000000d5900000,0x00000000d5930000,0x00000000d5980000)
  to   space 512K, 0% used [0x00000000d5980000,0x00000000d5980000,0x00000000d5a00000)
 ParOldGen       total 614912K, used 343807K [0x0000000080000000, 0x00000000a5880000, 0x00000000d5580000)
  object space 614912K, 55% used [0x0000000080000000,0x0000000094fbfe10,0x00000000a5880000)
 Metaspace       used 81296K, committed 83072K, reserved 1179648K
  class space    used 8232K, committed 9024K, reserved 1048576K
}
Event: 88443.463 GC heap after
{Heap after GC invocations=1802 (full 4):
 PSYoungGen      total 2560K, used 256K [0x00000000d5580000, 0x00000000d5a00000, 0x0000000100000000)
  eden space 2048K, 0% used [0x00000000d5580000,0x00000000d5580000,0x00000000d5780000)
  from space 512K, 50% used [0x00000000d5980000,0x00000000d59c0000,0x00000000d5a00000)
  to   space 512K, 0% used [0x00000000d5900000,0x00000000d5900000,0x00000000d5980000)
 ParOldGen       total 614912K, used 344628K [0x0000000080000000, 0x00000000a5880000, 0x00000000d5580000)
  object space 614912K, 56% used [0x0000000080000000,0x000000009508d320,0x00000000a5880000)
 Metaspace       used 81296K, committed 83072K, reserved 1179648K
  class space    used 8232K, committed 9024K, reserved 1048576K
}
Event: 88443.812 GC heap before
{Heap before GC invocations=1803 (full 4):
 PSYoungGen      total 2560K, used 2303K [0x00000000d5580000, 0x00000000d5a00000, 0x0000000100000000)
  eden space 2048K, 99% used [0x00000000d5580000,0x00000000d577fff8,0x00000000d5780000)
  from space 512K, 50% used [0x00000000d5980000,0x00000000d59c0000,0x00000000d5a00000)
  to   space 512K, 0% used [0x00000000d5900000,0x00000000d5900000,0x00000000d5980000)
 ParOldGen       total 614912K, used 344628K [0x0000000080000000, 0x00000000a5880000, 0x00000000d5580000)
  object space 614912K, 56% used [0x0000000080000000,0x000000009508d320,0x00000000a5880000)
 Metaspace       used 81311K, committed 83072K, reserved 1179648K
  class space    used 8235K, committed 9024K, reserved 1048576K
}
Event: 88443.815 GC heap after
{Heap after GC invocations=1803 (full 4):
 PSYoungGen      total 2560K, used 416K [0x00000000d5580000, 0x00000000d5a00000, 0x0000000100000000)
  eden space 2048K, 0% used [0x00000000d5580000,0x00000000d5580000,0x00000000d5780000)
  from space 512K, 81% used [0x00000000d5900000,0x00000000d5968020,0x00000000d5980000)
  to   space 512K, 0% used [0x00000000d5980000,0x00000000d5980000,0x00000000d5a00000)
 ParOldGen       total 614912K, used 344764K [0x0000000080000000, 0x00000000a5880000, 0x00000000d5580000)
  object space 614912K, 56% used [0x0000000080000000,0x00000000950af330,0x00000000a5880000)
 Metaspace       used 81311K, committed 83072K, reserved 1179648K
  class space    used 8235K, committed 9024K, reserved 1048576K
}
Event: 88443.989 GC heap before
{Heap before GC invocations=1804 (full 4):
 PSYoungGen      total 2560K, used 2464K [0x00000000d5580000, 0x00000000d5a00000, 0x0000000100000000)
  eden space 2048K, 100% used [0x00000000d5580000,0x00000000d5780000,0x00000000d5780000)
  from space 512K, 81% used [0x00000000d5900000,0x00000000d5968020,0x00000000d5980000)
  to   space 512K, 0% used [0x00000000d5980000,0x00000000d5980000,0x00000000d5a00000)
 ParOldGen       total 614912K, used 344764K [0x0000000080000000, 0x00000000a5880000, 0x00000000d5580000)
  object space 614912K, 56% used [0x0000000080000000,0x00000000950af330,0x00000000a5880000)
 Metaspace       used 81323K, committed 83072K, reserved 1179648K
  class space    used 8235K, committed 9024K, reserved 1048576K
}
Event: 88443.995 GC heap after
{Heap after GC invocations=1804 (full 4):
 PSYoungGen      total 2560K, used 224K [0x00000000d5580000, 0x00000000d5a00000, 0x0000000100000000)
  eden space 2048K, 0% used [0x00000000d5580000,0x00000000d5580000,0x00000000d5780000)
  from space 512K, 43% used [0x00000000d5980000,0x00000000d59b8000,0x00000000d5a00000)
  to   space 512K, 0% used [0x00000000d5900000,0x00000000d5900000,0x00000000d5980000)
 ParOldGen       total 614912K, used 344956K [0x0000000080000000, 0x00000000a5880000, 0x00000000d5580000)
  object space 614912K, 56% used [0x0000000080000000,0x00000000950df360,0x00000000a5880000)
 Metaspace       used 81323K, committed 83072K, reserved 1179648K
  class space    used 8235K, committed 9024K, reserved 1048576K
}
Event: 88446.627 GC heap before
{Heap before GC invocations=1805 (full 4):
 PSYoungGen      total 2560K, used 2272K [0x00000000d5580000, 0x00000000d5a00000, 0x0000000100000000)
  eden space 2048K, 100% used [0x00000000d5580000,0x00000000d5780000,0x00000000d5780000)
  from space 512K, 43% used [0x00000000d5980000,0x00000000d59b8000,0x00000000d5a00000)
  to   space 512K, 0% used [0x00000000d5900000,0x00000000d5900000,0x00000000d5980000)
 ParOldGen       total 614912K, used 344956K [0x0000000080000000, 0x00000000a5880000, 0x00000000d5580000)
  object space 614912K, 56% used [0x0000000080000000,0x00000000950df360,0x00000000a5880000)
 Metaspace       used 81340K, committed 83072K, reserved 1179648K
  class space    used 8236K, committed 9024K, reserved 1048576K
}
Event: 88446.630 GC heap after
{Heap after GC invocations=1805 (full 4):
 PSYoungGen      total 2560K, used 288K [0x00000000d5580000, 0x00000000d5a00000, 0x0000000100000000)
  eden space 2048K, 0% used [0x00000000d5580000,0x00000000d5580000,0x00000000d5780000)
  from space 512K, 56% used [0x00000000d5900000,0x00000000d5948000,0x00000000d5980000)
  to   space 512K, 0% used [0x00000000d5980000,0x00000000d5980000,0x00000000d5a00000)
 ParOldGen       total 614912K, used 345012K [0x0000000080000000, 0x00000000a5880000, 0x00000000d5580000)
  object space 614912K, 56% used [0x0000000080000000,0x00000000950ed360,0x00000000a5880000)
 Metaspace       used 81340K, committed 83072K, reserved 1179648K
  class space    used 8236K, committed 9024K, reserved 1048576K
}
Event: 88543.536 GC heap before
{Heap before GC invocations=1806 (full 4):
 PSYoungGen      total 2560K, used 2336K [0x00000000d5580000, 0x00000000d5a00000, 0x0000000100000000)
  eden space 2048K, 100% used [0x00000000d5580000,0x00000000d5780000,0x00000000d5780000)
  from space 512K, 56% used [0x00000000d5900000,0x00000000d5948000,0x00000000d5980000)
  to   space 512K, 0% used [0x00000000d5980000,0x00000000d5980000,0x00000000d5a00000)
 ParOldGen       total 614912K, used 345012K [0x0000000080000000, 0x00000000a5880000, 0x00000000d5580000)
  object space 614912K, 56% used [0x0000000080000000,0x00000000950ed360,0x00000000a5880000)
 Metaspace       used 81346K, committed 83072K, reserved 1179648K
  class space    used 8236K, committed 9024K, reserved 1048576K
}
Event: 88543.540 GC heap after
{Heap after GC invocations=1806 (full 4):
 PSYoungGen      total 2560K, used 256K [0x00000000d5580000, 0x00000000d5a00000, 0x0000000100000000)
  eden space 2048K, 0% used [0x00000000d5580000,0x00000000d5580000,0x00000000d5780000)
  from space 512K, 50% used [0x00000000d5980000,0x00000000d59c0020,0x00000000d5a00000)
  to   space 512K, 0% used [0x00000000d5900000,0x00000000d5900000,0x00000000d5980000)
 ParOldGen       total 614912K, used 345132K [0x0000000080000000, 0x00000000a5880000, 0x00000000d5580000)
  object space 614912K, 56% used [0x0000000080000000,0x000000009510b370,0x00000000a5880000)
 Metaspace       used 81346K, committed 83072K, reserved 1179648K
  class space    used 8236K, committed 9024K, reserved 1048576K
}
Event: 89868.583 GC heap before
{Heap before GC invocations=1807 (full 4):
 PSYoungGen      total 2560K, used 2304K [0x00000000d5580000, 0x00000000d5a00000, 0x0000000100000000)
  eden space 2048K, 100% used [0x00000000d5580000,0x00000000d5780000,0x00000000d5780000)
  from space 512K, 50% used [0x00000000d5980000,0x00000000d59c0020,0x00000000d5a00000)
  to   space 512K, 0% used [0x00000000d5900000,0x00000000d5900000,0x00000000d5980000)
 ParOldGen       total 614912K, used 345132K [0x0000000080000000, 0x00000000a5880000, 0x00000000d5580000)
  object space 614912K, 56% used [0x0000000080000000,0x000000009510b370,0x00000000a5880000)
 Metaspace       used 81358K, committed 83136K, reserved 1179648K
  class space    used 8236K, committed 9024K, reserved 1048576K
}
Event: 89868.604 GC heap after
{Heap after GC invocations=1807 (full 4):
 PSYoungGen      total 2560K, used 224K [0x00000000d5580000, 0x00000000d5a00000, 0x0000000100000000)
  eden space 2048K, 0% used [0x00000000d5580000,0x00000000d5580000,0x00000000d5780000)
  from space 512K, 43% used [0x00000000d5900000,0x00000000d5938000,0x00000000d5980000)
  to   space 512K, 0% used [0x00000000d5980000,0x00000000d5980000,0x00000000d5a00000)
 ParOldGen       total 614912K, used 345252K [0x0000000080000000, 0x00000000a5880000, 0x00000000d5580000)
  object space 614912K, 56% used [0x0000000080000000,0x0000000095129390,0x00000000a5880000)
 Metaspace       used 81358K, committed 83136K, reserved 1179648K
  class space    used 8236K, committed 9024K, reserved 1048576K
}
Event: 92592.287 GC heap before
{Heap before GC invocations=1808 (full 4):
 PSYoungGen      total 2560K, used 2272K [0x00000000d5580000, 0x00000000d5a00000, 0x0000000100000000)
  eden space 2048K, 100% used [0x00000000d5580000,0x00000000d5780000,0x00000000d5780000)
  from space 512K, 43% used [0x00000000d5900000,0x00000000d5938000,0x00000000d5980000)
  to   space 512K, 0% used [0x00000000d5980000,0x00000000d5980000,0x00000000d5a00000)
 ParOldGen       total 614912K, used 345252K [0x0000000080000000, 0x00000000a5880000, 0x00000000d5580000)
  object space 614912K, 56% used [0x0000000080000000,0x0000000095129390,0x00000000a5880000)
 Metaspace       used 81360K, committed 83136K, reserved 1179648K
  class space    used 8236K, committed 9024K, reserved 1048576K
}
Event: 92592.308 GC heap after
{Heap after GC invocations=1808 (full 4):
 PSYoungGen      total 2560K, used 192K [0x00000000d5580000, 0x00000000d5a00000, 0x0000000100000000)
  eden space 2048K, 0% used [0x00000000d5580000,0x00000000d5580000,0x00000000d5780000)
  from space 512K, 37% used [0x00000000d5980000,0x00000000d59b0000,0x00000000d5a00000)
  to   space 512K, 0% used [0x00000000d5900000,0x00000000d5900000,0x00000000d5980000)
 ParOldGen       total 614912K, used 345292K [0x0000000080000000, 0x00000000a5880000, 0x00000000d5580000)
  object space 614912K, 56% used [0x0000000080000000,0x0000000095133390,0x00000000a5880000)
 Metaspace       used 81360K, committed 83136K, reserved 1179648K
  class space    used 8236K, committed 9024K, reserved 1048576K
}
Event: 93221.709 GC heap before
{Heap before GC invocations=1809 (full 4):
 PSYoungGen      total 2560K, used 2240K [0x00000000d5580000, 0x00000000d5a00000, 0x0000000100000000)
  eden space 2048K, 100% used [0x00000000d5580000,0x00000000d5780000,0x00000000d5780000)
  from space 512K, 37% used [0x00000000d5980000,0x00000000d59b0000,0x00000000d5a00000)
  to   space 512K, 0% used [0x00000000d5900000,0x00000000d5900000,0x00000000d5980000)
 ParOldGen       total 614912K, used 345292K [0x0000000080000000, 0x00000000a5880000, 0x00000000d5580000)
  object space 614912K, 56% used [0x0000000080000000,0x0000000095133390,0x00000000a5880000)
 Metaspace       used 81378K, committed 83136K, reserved 1179648K
  class space    used 8236K, committed 9024K, reserved 1048576K
}
Event: 93221.718 GC heap after
{Heap after GC invocations=1809 (full 4):
 PSYoungGen      total 2560K, used 192K [0x00000000d5580000, 0x00000000d5a00000, 0x0000000100000000)
  eden space 2048K, 0% used [0x00000000d5580000,0x00000000d5580000,0x00000000d5780000)
  from space 512K, 37% used [0x00000000d5900000,0x00000000d5930000,0x00000000d5980000)
  to   space 512K, 0% used [0x00000000d5980000,0x00000000d5980000,0x00000000d5a00000)
 ParOldGen       total 614912K, used 345324K [0x0000000080000000, 0x00000000a5880000, 0x00000000d5580000)
  object space 614912K, 56% used [0x0000000080000000,0x000000009513b390,0x00000000a5880000)
 Metaspace       used 81378K, committed 83136K, reserved 1179648K
  class space    used 8236K, committed 9024K, reserved 1048576K
}

