# JRE version: OpenJDK Runtime Environment Temurin-21.0.10+7 (21.0.10+7) (build 21.0.10+7-LTS)
# Java VM: OpenJDK 64-Bit Server VM Temurin-21.0.10+7 (21.0.10+7-LTS, mixed mode, sharing, tiered, compressed oops, compressed class ptrs, parallel gc, windows-amd64)
GC Precious Log:
 CardTable entry size: 512
 CPUs: 8 total, 8 available
 Memory: 16259M
 Large Page Support: Disabled
 NUMA Support: Disabled
 Compressed Oops: Enabled (32-bit)
 Alignments: Space 512K, Generation 512K, Heap 2M
 Heap Min Capacity: 100M
 Heap Initial Capacity: 100M
 Heap Max Capacity: 2G
 Pre-touch: Disabled
 Parallel Workers: 8
Heap:
 PSYoungGen      total 7680K, used 5395K [0x00000000d5580000, 0x00000000d5e00000, 0x0000000100000000)
  eden space 6656K, 66% used [0x00000000d5580000,0x00000000d59d6940,0x00000000d5c00000)
  from space 1024K, 94% used [0x00000000d5c00000,0x00000000d5cf1210,0x00000000d5d00000)
  to   space 1024K, 0% used [0x00000000d5d00000,0x00000000d5d00000,0x00000000d5e00000)
 ParOldGen       total 97792K, used 97330K [0x0000000080000000, 0x0000000085f80000, 0x00000000d5580000)
  object space 97792K, 99% used [0x0000000080000000,0x0000000085f0cab8,0x0000000085f80000)
 Metaspace       used 67633K, committed 69248K, reserved 1114112K
  class space    used 6938K, committed 7616K, reserved 1048576K
GC Heap History (20 events):
Event: 45.106 GC heap before
{Heap before GC invocations=110 (full 3):
 PSYoungGen      total 7168K, used 7164K [0x00000000d5580000, 0x00000000d5e00000, 0x0000000100000000)
  eden space 6656K, 99% used [0x00000000d5580000,0x00000000d5bff0f0,0x00000000d5c00000)
  from space 512K, 100% used [0x00000000d5d80000,0x00000000d5e00000,0x00000000d5e00000)
  to   space 1024K, 0% used [0x00000000d5c00000,0x00000000d5c00000,0x00000000d5d00000)
 ParOldGen       total 92160K, used 91749K [0x0000000080000000, 0x0000000085a00000, 0x00000000d5580000)
  object space 92160K, 99% used [0x0000000080000000,0x00000000859995c0,0x0000000085a00000)
 Metaspace       used 63041K, committed 64512K, reserved 1114112K
  class space    used 6461K, committed 7104K, reserved 1048576K
}
Event: 45.108 GC heap after
{Heap after GC invocations=110 (full 3):
 PSYoungGen      total 7680K, used 508K [0x00000000d5580000, 0x00000000d5e00000, 0x0000000100000000)
  eden space 6656K, 0% used [0x00000000d5580000,0x00000000d5580000,0x00000000d5c00000)
  from space 1024K, 49% used [0x00000000d5c00000,0x00000000d5c7f3a0,0x00000000d5d00000)
  to   space 1024K, 0% used [0x00000000d5d00000,0x00000000d5d00000,0x00000000d5e00000)
 ParOldGen       total 92672K, used 92265K [0x0000000080000000, 0x0000000085a80000, 0x00000000d5580000)
  object space 92672K, 99% used [0x0000000080000000,0x0000000085a1a5d0,0x0000000085a80000)
 Metaspace       used 63041K, committed 64512K, reserved 1114112K
  class space    used 6461K, committed 7104K, reserved 1048576K
}
Event: 45.193 GC heap before
{Heap before GC invocations=111 (full 3):
 PSYoungGen      total 7680K, used 7164K [0x00000000d5580000, 0x00000000d5e00000, 0x0000000100000000)
  eden space 6656K, 99% used [0x00000000d5580000,0x00000000d5bfffe0,0x00000000d5c00000)
  from space 1024K, 49% used [0x00000000d5c00000,0x00000000d5c7f3a0,0x00000000d5d00000)
  to   space 1024K, 0% used [0x00000000d5d00000,0x00000000d5d00000,0x00000000d5e00000)
 ParOldGen       total 92672K, used 92265K [0x0000000080000000, 0x0000000085a80000, 0x00000000d5580000)
  object space 92672K, 99% used [0x0000000080000000,0x0000000085a1a5d0,0x0000000085a80000)
 Metaspace       used 63444K, committed 64896K, reserved 1114112K
  class space    used 6512K, committed 7104K, reserved 1048576K
}
Event: 45.195 GC heap after
{Heap after GC invocations=111 (full 3):
 PSYoungGen      total 7680K, used 795K [0x00000000d5580000, 0x00000000d5e00000, 0x0000000100000000)
  eden space 6656K, 0% used [0x00000000d5580000,0x00000000d5580000,0x00000000d5c00000)
  from space 1024K, 77% used [0x00000000d5d00000,0x00000000d5dc6fa0,0x00000000d5e00000)
  to   space 1024K, 0% used [0x00000000d5c00000,0x00000000d5c00000,0x00000000d5d00000)
 ParOldGen       total 92672K, used 92527K [0x0000000080000000, 0x0000000085a80000, 0x00000000d5580000)
  object space 92672K, 99% used [0x0000000080000000,0x0000000085a5bc00,0x0000000085a80000)
 Metaspace       used 63444K, committed 64896K, reserved 1114112K
  class space    used 6512K, committed 7104K, reserved 1048576K
}
Event: 45.307 GC heap before
{Heap before GC invocations=112 (full 3):
 PSYoungGen      total 7680K, used 7446K [0x00000000d5580000, 0x00000000d5e00000, 0x0000000100000000)
  eden space 6656K, 99% used [0x00000000d5580000,0x00000000d5bfe980,0x00000000d5c00000)
  from space 1024K, 77% used [0x00000000d5d00000,0x00000000d5dc6fa0,0x00000000d5e00000)
  to   space 1024K, 0% used [0x00000000d5c00000,0x00000000d5c00000,0x00000000d5d00000)
 ParOldGen       total 92672K, used 92527K [0x0000000080000000, 0x0000000085a80000, 0x00000000d5580000)
  object space 92672K, 99% used [0x0000000080000000,0x0000000085a5bc00,0x0000000085a80000)
 Metaspace       used 63910K, committed 65408K, reserved 1114112K
  class space    used 6591K, committed 7232K, reserved 1048576K
}
Event: 45.310 GC heap after
{Heap after GC invocations=112 (full 3):
 PSYoungGen      total 7680K, used 768K [0x00000000d5580000, 0x00000000d5e00000, 0x0000000100000000)
  eden space 6656K, 0% used [0x00000000d5580000,0x00000000d5580000,0x00000000d5c00000)
  from space 1024K, 75% used [0x00000000d5c00000,0x00000000d5cc00e0,0x00000000d5d00000)
  to   space 1024K, 0% used [0x00000000d5d00000,0x00000000d5d00000,0x00000000d5e00000)
 ParOldGen       total 93184K, used 92946K [0x0000000080000000, 0x0000000085b00000, 0x00000000d5580000)
  object space 93184K, 99% used [0x0000000080000000,0x0000000085ac49d8,0x0000000085b00000)
 Metaspace       used 63910K, committed 65408K, reserved 1114112K
  class space    used 6591K, committed 7232K, reserved 1048576K
}
Event: 45.431 GC heap before
{Heap before GC invocations=113 (full 3):
 PSYoungGen      total 7680K, used 7424K [0x00000000d5580000, 0x00000000d5e00000, 0x0000000100000000)
  eden space 6656K, 100% used [0x00000000d5580000,0x00000000d5c00000,0x00000000d5c00000)
  from space 1024K, 75% used [0x00000000d5c00000,0x00000000d5cc00e0,0x00000000d5d00000)
  to   space 1024K, 0% used [0x00000000d5d00000,0x00000000d5d00000,0x00000000d5e00000)
 ParOldGen       total 93184K, used 92946K [0x0000000080000000, 0x0000000085b00000, 0x00000000d5580000)
  object space 93184K, 99% used [0x0000000080000000,0x0000000085ac49d8,0x0000000085b00000)
 Metaspace       used 64538K, committed 65984K, reserved 1114112K
  class space    used 6641K, committed 7232K, reserved 1048576K
}
Event: 45.433 GC heap after
{Heap after GC invocations=113 (full 3):
 PSYoungGen      total 7680K, used 736K [0x00000000d5580000, 0x00000000d5e00000, 0x0000000100000000)
  eden space 6656K, 0% used [0x00000000d5580000,0x00000000d5580000,0x00000000d5c00000)
  from space 1024K, 71% used [0x00000000d5d00000,0x00000000d5db8000,0x00000000d5e00000)
  to   space 1024K, 0% used [0x00000000d5c00000,0x00000000d5c00000,0x00000000d5d00000)
 ParOldGen       total 93696K, used 93618K [0x0000000080000000, 0x0000000085b80000, 0x00000000d5580000)
  object space 93696K, 99% used [0x0000000080000000,0x0000000085b6cab8,0x0000000085b80000)
 Metaspace       used 64538K, committed 65984K, reserved 1114112K
  class space    used 6641K, committed 7232K, reserved 1048576K
}
Event: 45.524 GC heap before
{Heap before GC invocations=114 (full 3):
 PSYoungGen      total 7680K, used 7392K [0x00000000d5580000, 0x00000000d5e00000, 0x0000000100000000)
  eden space 6656K, 100% used [0x00000000d5580000,0x00000000d5c00000,0x00000000d5c00000)
  from space 1024K, 71% used [0x00000000d5d00000,0x00000000d5db8000,0x00000000d5e00000)
  to   space 1024K, 0% used [0x00000000d5c00000,0x00000000d5c00000,0x00000000d5d00000)
 ParOldGen       total 93696K, used 93618K [0x0000000080000000, 0x0000000085b80000, 0x00000000d5580000)
  object space 93696K, 99% used [0x0000000080000000,0x0000000085b6cab8,0x0000000085b80000)
 Metaspace       used 65003K, committed 66496K, reserved 1114112K
  class space    used 6707K, committed 7360K, reserved 1048576K
}
Event: 45.527 GC heap after
{Heap after GC invocations=114 (full 3):
 PSYoungGen      total 7680K, used 736K [0x00000000d5580000, 0x00000000d5e00000, 0x0000000100000000)
  eden space 6656K, 0% used [0x00000000d5580000,0x00000000d5580000,0x00000000d5c00000)
  from space 1024K, 71% used [0x00000000d5c00000,0x00000000d5cb8000,0x00000000d5d00000)
  to   space 1024K, 0% used [0x00000000d5d00000,0x00000000d5d00000,0x00000000d5e00000)
 ParOldGen       total 94208K, used 93985K [0x0000000080000000, 0x0000000085c00000, 0x00000000d5580000)
  object space 94208K, 99% used [0x0000000080000000,0x0000000085bc84d8,0x0000000085c00000)
 Metaspace       used 65003K, committed 66496K, reserved 1114112K
  class space    used 6707K, committed 7360K, reserved 1048576K
}
Event: 45.708 GC heap before
{Heap before GC invocations=115 (full 3):
 PSYoungGen      total 7680K, used 7392K [0x00000000d5580000, 0x00000000d5e00000, 0x0000000100000000)
  eden space 6656K, 100% used [0x00000000d5580000,0x00000000d5c00000,0x00000000d5c00000)
  from space 1024K, 71% used [0x00000000d5c00000,0x00000000d5cb8000,0x00000000d5d00000)
  to   space 1024K, 0% used [0x00000000d5d00000,0x00000000d5d00000,0x00000000d5e00000)
 ParOldGen       total 94208K, used 93985K [0x0000000080000000, 0x0000000085c00000, 0x00000000d5580000)
  object space 94208K, 99% used [0x0000000080000000,0x0000000085bc84d8,0x0000000085c00000)
 Metaspace       used 65485K, committed 66944K, reserved 1114112K
  class space    used 6750K, committed 7360K, reserved 1048576K
}
Event: 45.712 GC heap after
{Heap after GC invocations=115 (full 3):
 PSYoungGen      total 7680K, used 499K [0x00000000d5580000, 0x00000000d5e00000, 0x0000000100000000)
  eden space 6656K, 0% used [0x00000000d5580000,0x00000000d5580000,0x00000000d5c00000)
  from space 1024K, 48% used [0x00000000d5d00000,0x00000000d5d7cf00,0x00000000d5e00000)
  to   space 1024K, 0% used [0x00000000d5c00000,0x00000000d5c00000,0x00000000d5d00000)
 ParOldGen       total 94720K, used 94625K [0x0000000080000000, 0x0000000085c80000, 0x00000000d5580000)
  object space 94720K, 99% used [0x0000000080000000,0x0000000085c68688,0x0000000085c80000)
 Metaspace       used 65485K, committed 66944K, reserved 1114112K
  class space    used 6750K, committed 7360K, reserved 1048576K
}
Event: 46.021 GC heap before
{Heap before GC invocations=116 (full 3):
 PSYoungGen      total 7680K, used 7155K [0x00000000d5580000, 0x00000000d5e00000, 0x0000000100000000)
  eden space 6656K, 100% used [0x00000000d5580000,0x00000000d5c00000,0x00000000d5c00000)
  from space 1024K, 48% used [0x00000000d5d00000,0x00000000d5d7cf00,0x00000000d5e00000)
  to   space 1024K, 0% used [0x00000000d5c00000,0x00000000d5c00000,0x00000000d5d00000)
 ParOldGen       total 94720K, used 94625K [0x0000000080000000, 0x0000000085c80000, 0x00000000d5580000)
  object space 94720K, 99% used [0x0000000080000000,0x0000000085c68688,0x0000000085c80000)
 Metaspace       used 66148K, committed 67648K, reserved 1114112K
  class space    used 6816K, committed 7424K, reserved 1048576K
}
Event: 46.023 GC heap after
{Heap after GC invocations=116 (full 3):
 PSYoungGen      total 7680K, used 936K [0x00000000d5580000, 0x00000000d5e00000, 0x0000000100000000)
  eden space 6656K, 0% used [0x00000000d5580000,0x00000000d5580000,0x00000000d5c00000)
  from space 1024K, 91% used [0x00000000d5c00000,0x00000000d5cea010,0x00000000d5d00000)
  to   space 1024K, 0% used [0x00000000d5d00000,0x00000000d5d00000,0x00000000d5e00000)
 ParOldGen       total 95232K, used 94926K [0x0000000080000000, 0x0000000085d00000, 0x00000000d5580000)
  object space 95232K, 99% used [0x0000000080000000,0x0000000085cb3a40,0x0000000085d00000)
 Metaspace       used 66148K, committed 67648K, reserved 1114112K
  class space    used 6816K, committed 7424K, reserved 1048576K
}
Event: 46.112 GC heap before
{Heap before GC invocations=117 (full 3):
 PSYoungGen      total 7680K, used 7592K [0x00000000d5580000, 0x00000000d5e00000, 0x0000000100000000)
  eden space 6656K, 100% used [0x00000000d5580000,0x00000000d5c00000,0x00000000d5c00000)
  from space 1024K, 91% used [0x00000000d5c00000,0x00000000d5cea010,0x00000000d5d00000)
  to   space 1024K, 0% used [0x00000000d5d00000,0x00000000d5d00000,0x00000000d5e00000)
 ParOldGen       total 95232K, used 94926K [0x0000000080000000, 0x0000000085d00000, 0x00000000d5580000)
  object space 95232K, 99% used [0x0000000080000000,0x0000000085cb3a40,0x0000000085d00000)
 Metaspace       used 66721K, committed 68288K, reserved 1114112K
  class space    used 6869K, committed 7488K, reserved 1048576K
}
Event: 46.114 GC heap after
{Heap after GC invocations=117 (full 3):
 PSYoungGen      total 7680K, used 540K [0x00000000d5580000, 0x00000000d5e00000, 0x0000000100000000)
  eden space 6656K, 0% used [0x00000000d5580000,0x00000000d5580000,0x00000000d5c00000)
  from space 1024K, 52% used [0x00000000d5d00000,0x00000000d5d87330,0x00000000d5e00000)
  to   space 1024K, 0% used [0x00000000d5c00000,0x00000000d5c00000,0x00000000d5d00000)
 ParOldGen       total 95744K, used 95437K [0x0000000080000000, 0x0000000085d80000, 0x00000000d5580000)
  object space 95744K, 99% used [0x0000000080000000,0x0000000085d335a8,0x0000000085d80000)
 Metaspace       used 66721K, committed 68288K, reserved 1114112K
  class space    used 6869K, committed 7488K, reserved 1048576K
}
Event: 46.235 GC heap before
{Heap before GC invocations=118 (full 3):
 PSYoungGen      total 7680K, used 7174K [0x00000000d5580000, 0x00000000d5e00000, 0x0000000100000000)
  eden space 6656K, 99% used [0x00000000d5580000,0x00000000d5bfa4d0,0x00000000d5c00000)
  from space 1024K, 52% used [0x00000000d5d00000,0x00000000d5d87330,0x00000000d5e00000)
  to   space 1024K, 0% used [0x00000000d5c00000,0x00000000d5c00000,0x00000000d5d00000)
 ParOldGen       total 95744K, used 95437K [0x0000000080000000, 0x0000000085d80000, 0x00000000d5580000)
  object space 95744K, 99% used [0x0000000080000000,0x0000000085d335a8,0x0000000085d80000)
 Metaspace       used 67275K, committed 68864K, reserved 1114112K
  class space    used 6904K, committed 7552K, reserved 1048576K
}
Event: 46.237 GC heap after
{Heap after GC invocations=118 (full 3):
 PSYoungGen      total 7680K, used 1012K [0x00000000d5580000, 0x00000000d5f00000, 0x0000000100000000)
  eden space 6656K, 0% used [0x00000000d5580000,0x00000000d5580000,0x00000000d5c00000)
  from space 1024K, 98% used [0x00000000d5c00000,0x00000000d5cfd040,0x00000000d5d00000)
  to   space 1536K, 0% used [0x00000000d5d80000,0x00000000d5d80000,0x00000000d5f00000)
 ParOldGen       total 95744K, used 95741K [0x0000000080000000, 0x0000000085d80000, 0x00000000d5580000)
  object space 95744K, 99% used [0x0000000080000000,0x0000000085d7f5a8,0x0000000085d80000)
 Metaspace       used 67275K, committed 68864K, reserved 1114112K
  class space    used 6904K, committed 7552K, reserved 1048576K
}
Event: 46.361 GC heap before
{Heap before GC invocations=119 (full 3):
 PSYoungGen      total 7680K, used 7668K [0x00000000d5580000, 0x00000000d5f00000, 0x0000000100000000)
  eden space 6656K, 100% used [0x00000000d5580000,0x00000000d5c00000,0x00000000d5c00000)
  from space 1024K, 98% used [0x00000000d5c00000,0x00000000d5cfd040,0x00000000d5d00000)
  to   space 1536K, 0% used [0x00000000d5d80000,0x00000000d5d80000,0x00000000d5f00000)
 ParOldGen       total 95744K, used 95741K [0x0000000080000000, 0x0000000085d80000, 0x00000000d5580000)
  object space 95744K, 99% used [0x0000000080000000,0x0000000085d7f5a8,0x0000000085d80000)
 Metaspace       used 67424K, committed 68992K, reserved 1114112K
  class space    used 6912K, committed 7552K, reserved 1048576K
}
Event: 46.364 GC heap after
{Heap after GC invocations=119 (full 3):
 PSYoungGen      total 8192K, used 905K [0x00000000d5580000, 0x00000000d5f00000, 0x0000000100000000)
  eden space 6656K, 0% used [0x00000000d5580000,0x00000000d5580000,0x00000000d5c00000)
  from space 1536K, 58% used [0x00000000d5d80000,0x00000000d5e62400,0x00000000d5f00000)
  to   space 1536K, 0% used [0x00000000d5c00000,0x00000000d5c00000,0x00000000d5d80000)
 ParOldGen       total 96768K, used 96604K [0x0000000080000000, 0x0000000085e80000, 0x00000000d5580000)
  object space 96768K, 99% used [0x0000000080000000,0x0000000085e57090,0x0000000085e80000)
 Metaspace       used 67424K, committed 68992K, reserved 1114112K
  class space    used 6912K, committed 7552K, reserved 1048576K
}

