# JRE version: OpenJDK Runtime Environment Temurin-21.0.10+7 (21.0.10+7) (build 21.0.10+7-LTS)
# Java VM: OpenJDK 64-Bit Server VM Temurin-21.0.10+7 (21.0.10+7-LTS, mixed mode, sharing, tiered, compressed oops, compressed class ptrs, parallel gc, windows-amd64)
GC Precious Log:
 CardTable entry size: 512
 CPUs: 8 total, 8 available
 Memory: 16259M
 Large Page Support: Disabled
 NUMA Support: Disabled
 Compressed Oops: Enabled (32-bit)
 Alignments: Space 512K, Generation 512K, Heap 2M
 Heap Min Capacity: 100M
 Heap Initial Capacity: 100M
 Heap Max Capacity: 2G
 Pre-touch: Disabled
 Parallel Workers: 8
Heap:
 PSYoungGen      total 3072K, used 2286K [0x00000000d5580000, 0x00000000d5a80000, 0x0000000100000000)
  eden space 2560K, 81% used [0x00000000d5580000,0x00000000d578b970,0x00000000d5800000)
  from space 512K, 37% used [0x00000000d5980000,0x00000000d59b0000,0x00000000d5a00000)
  to   space 512K, 0% used [0x00000000d5a00000,0x00000000d5a00000,0x00000000d5a80000)
 ParOldGen       total 176128K, used 138983K [0x0000000080000000, 0x000000008ac00000, 0x00000000d5580000)
  object space 176128K, 78% used [0x0000000080000000,0x00000000887b9f08,0x000000008ac00000)
 Metaspace       used 81614K, committed 83456K, reserved 1179648K
  class space    used 8439K, committed 9280K, reserved 1048576K
GC Heap History (20 events):
Event: 93.599 GC heap before
{Heap before GC invocations=390 (full 4):
 PSYoungGen      total 3072K, used 2880K [0x00000000d5580000, 0x00000000d5a80000, 0x0000000100000000)
  eden space 2560K, 100% used [0x00000000d5580000,0x00000000d5800000,0x00000000d5800000)
  from space 512K, 62% used [0x00000000d5980000,0x00000000d59d0000,0x00000000d5a00000)
  to   space 512K, 0% used [0x00000000d5a00000,0x00000000d5a00000,0x00000000d5a80000)
 ParOldGen       total 176128K, used 137718K [0x0000000080000000, 0x000000008ac00000, 0x00000000d5580000)
  object space 176128K, 78% used [0x0000000080000000,0x000000008867db60,0x000000008ac00000)
 Metaspace       used 81420K, committed 83136K, reserved 1179648K
  class space    used 8429K, committed 9280K, reserved 1048576K
}
Event: 93.600 GC heap after
{Heap after GC invocations=390 (full 4):
 PSYoungGen      total 3072K, used 240K [0x00000000d5580000, 0x00000000d5a80000, 0x0000000100000000)
  eden space 2560K, 0% used [0x00000000d5580000,0x00000000d5580000,0x00000000d5800000)
  from space 512K, 46% used [0x00000000d5a00000,0x00000000d5a3c010,0x00000000d5a80000)
  to   space 512K, 0% used [0x00000000d5980000,0x00000000d5980000,0x00000000d5a00000)
 ParOldGen       total 176128K, used 137919K [0x0000000080000000, 0x000000008ac00000, 0x00000000d5580000)
  object space 176128K, 78% used [0x0000000080000000,0x00000000886afc18,0x000000008ac00000)
 Metaspace       used 81420K, committed 83136K, reserved 1179648K
  class space    used 8429K, committed 9280K, reserved 1048576K
}
Event: 93.627 GC heap before
{Heap before GC invocations=391 (full 4):
 PSYoungGen      total 3072K, used 2800K [0x00000000d5580000, 0x00000000d5a80000, 0x0000000100000000)
  eden space 2560K, 100% used [0x00000000d5580000,0x00000000d5800000,0x00000000d5800000)
  from space 512K, 46% used [0x00000000d5a00000,0x00000000d5a3c010,0x00000000d5a80000)
  to   space 512K, 0% used [0x00000000d5980000,0x00000000d5980000,0x00000000d5a00000)
 ParOldGen       total 176128K, used 137919K [0x0000000080000000, 0x000000008ac00000, 0x00000000d5580000)
  object space 176128K, 78% used [0x0000000080000000,0x00000000886afc18,0x000000008ac00000)
 Metaspace       used 81439K, committed 83200K, reserved 1179648K
  class space    used 8429K, committed 9280K, reserved 1048576K
}
Event: 93.629 GC heap after
{Heap after GC invocations=391 (full 4):
 PSYoungGen      total 3072K, used 480K [0x00000000d5580000, 0x00000000d5a80000, 0x0000000100000000)
  eden space 2560K, 0% used [0x00000000d5580000,0x00000000d5580000,0x00000000d5800000)
  from space 512K, 93% used [0x00000000d5980000,0x00000000d59f8000,0x00000000d5a00000)
  to   space 512K, 0% used [0x00000000d5a00000,0x00000000d5a00000,0x00000000d5a80000)
 ParOldGen       total 176128K, used 138063K [0x0000000080000000, 0x000000008ac00000, 0x00000000d5580000)
  object space 176128K, 78% used [0x0000000080000000,0x00000000886d3c38,0x000000008ac00000)
 Metaspace       used 81439K, committed 83200K, reserved 1179648K
  class space    used 8429K, committed 9280K, reserved 1048576K
}
Event: 93.661 GC heap before
{Heap before GC invocations=392 (full 4):
 PSYoungGen      total 3072K, used 3040K [0x00000000d5580000, 0x00000000d5a80000, 0x0000000100000000)
  eden space 2560K, 100% used [0x00000000d5580000,0x00000000d5800000,0x00000000d5800000)
  from space 512K, 93% used [0x00000000d5980000,0x00000000d59f8000,0x00000000d5a00000)
  to   space 512K, 0% used [0x00000000d5a00000,0x00000000d5a00000,0x00000000d5a80000)
 ParOldGen       total 176128K, used 138063K [0x0000000080000000, 0x000000008ac00000, 0x00000000d5580000)
  object space 176128K, 78% used [0x0000000080000000,0x00000000886d3c38,0x000000008ac00000)
 Metaspace       used 81459K, committed 83200K, reserved 1179648K
  class space    used 8430K, committed 9280K, reserved 1048576K
}
Event: 93.663 GC heap after
{Heap after GC invocations=392 (full 4):
 PSYoungGen      total 3072K, used 256K [0x00000000d5580000, 0x00000000d5a80000, 0x0000000100000000)
  eden space 2560K, 0% used [0x00000000d5580000,0x00000000d5580000,0x00000000d5800000)
  from space 512K, 50% used [0x00000000d5a00000,0x00000000d5a40000,0x00000000d5a80000)
  to   space 512K, 0% used [0x00000000d5980000,0x00000000d5980000,0x00000000d5a00000)
 ParOldGen       total 176128K, used 138347K [0x0000000080000000, 0x000000008ac00000, 0x00000000d5580000)
  object space 176128K, 78% used [0x0000000080000000,0x000000008871ac48,0x000000008ac00000)
 Metaspace       used 81459K, committed 83200K, reserved 1179648K
  class space    used 8430K, committed 9280K, reserved 1048576K
}
Event: 93.677 GC heap before
{Heap before GC invocations=393 (full 4):
 PSYoungGen      total 3072K, used 2816K [0x00000000d5580000, 0x00000000d5a80000, 0x0000000100000000)
  eden space 2560K, 100% used [0x00000000d5580000,0x00000000d5800000,0x00000000d5800000)
  from space 512K, 50% used [0x00000000d5a00000,0x00000000d5a40000,0x00000000d5a80000)
  to   space 512K, 0% used [0x00000000d5980000,0x00000000d5980000,0x00000000d5a00000)
 ParOldGen       total 176128K, used 138347K [0x0000000080000000, 0x000000008ac00000, 0x00000000d5580000)
  object space 176128K, 78% used [0x0000000080000000,0x000000008871ac48,0x000000008ac00000)
 Metaspace       used 81463K, committed 83200K, reserved 1179648K
  class space    used 8431K, committed 9280K, reserved 1048576K
}
Event: 93.678 GC heap after
{Heap after GC invocations=393 (full 4):
 PSYoungGen      total 3072K, used 224K [0x00000000d5580000, 0x00000000d5a80000, 0x0000000100000000)
  eden space 2560K, 0% used [0x00000000d5580000,0x00000000d5580000,0x00000000d5800000)
  from space 512K, 43% used [0x00000000d5980000,0x00000000d59b8000,0x00000000d5a00000)
  to   space 512K, 0% used [0x00000000d5a00000,0x00000000d5a00000,0x00000000d5a80000)
 ParOldGen       total 176128K, used 138495K [0x0000000080000000, 0x000000008ac00000, 0x00000000d5580000)
  object space 176128K, 78% used [0x0000000080000000,0x000000008873fed8,0x000000008ac00000)
 Metaspace       used 81463K, committed 83200K, reserved 1179648K
  class space    used 8431K, committed 9280K, reserved 1048576K
}
Event: 107.271 GC heap before
{Heap before GC invocations=394 (full 4):
 PSYoungGen      total 3072K, used 2784K [0x00000000d5580000, 0x00000000d5a80000, 0x0000000100000000)
  eden space 2560K, 100% used [0x00000000d5580000,0x00000000d5800000,0x00000000d5800000)
  from space 512K, 43% used [0x00000000d5980000,0x00000000d59b8000,0x00000000d5a00000)
  to   space 512K, 0% used [0x00000000d5a00000,0x00000000d5a00000,0x00000000d5a80000)
 ParOldGen       total 176128K, used 138495K [0x0000000080000000, 0x000000008ac00000, 0x00000000d5580000)
  object space 176128K, 78% used [0x0000000080000000,0x000000008873fed8,0x000000008ac00000)
 Metaspace       used 81510K, committed 83264K, reserved 1179648K
  class space    used 8435K, committed 9280K, reserved 1048576K
}
Event: 107.274 GC heap after
{Heap after GC invocations=394 (full 4):
 PSYoungGen      total 3072K, used 384K [0x00000000d5580000, 0x00000000d5a80000, 0x0000000100000000)
  eden space 2560K, 0% used [0x00000000d5580000,0x00000000d5580000,0x00000000d5800000)
  from space 512K, 75% used [0x00000000d5a00000,0x00000000d5a60010,0x00000000d5a80000)
  to   space 512K, 0% used [0x00000000d5980000,0x00000000d5980000,0x00000000d5a00000)
 ParOldGen       total 176128K, used 138599K [0x0000000080000000, 0x000000008ac00000, 0x00000000d5580000)
  object space 176128K, 78% used [0x0000000080000000,0x0000000088759ed8,0x000000008ac00000)
 Metaspace       used 81510K, committed 83264K, reserved 1179648K
  class space    used 8435K, committed 9280K, reserved 1048576K
}
Event: 109.310 GC heap before
{Heap before GC invocations=395 (full 4):
 PSYoungGen      total 3072K, used 2944K [0x00000000d5580000, 0x00000000d5a80000, 0x0000000100000000)
  eden space 2560K, 100% used [0x00000000d5580000,0x00000000d5800000,0x00000000d5800000)
  from space 512K, 75% used [0x00000000d5a00000,0x00000000d5a60010,0x00000000d5a80000)
  to   space 512K, 0% used [0x00000000d5980000,0x00000000d5980000,0x00000000d5a00000)
 ParOldGen       total 176128K, used 138599K [0x0000000080000000, 0x000000008ac00000, 0x00000000d5580000)
  object space 176128K, 78% used [0x0000000080000000,0x0000000088759ed8,0x000000008ac00000)
 Metaspace       used 81572K, committed 83328K, reserved 1179648K
  class space    used 8435K, committed 9280K, reserved 1048576K
}
Event: 109.313 GC heap after
{Heap after GC invocations=395 (full 4):
 PSYoungGen      total 3072K, used 192K [0x00000000d5580000, 0x00000000d5a80000, 0x0000000100000000)
  eden space 2560K, 0% used [0x00000000d5580000,0x00000000d5580000,0x00000000d5800000)
  from space 512K, 37% used [0x00000000d5980000,0x00000000d59b0000,0x00000000d5a00000)
  to   space 512K, 0% used [0x00000000d5a00000,0x00000000d5a00000,0x00000000d5a80000)
 ParOldGen       total 176128K, used 138855K [0x0000000080000000, 0x000000008ac00000, 0x00000000d5580000)
  object space 176128K, 78% used [0x0000000080000000,0x0000000088799f08,0x000000008ac00000)
 Metaspace       used 81572K, committed 83328K, reserved 1179648K
  class space    used 8435K, committed 9280K, reserved 1048576K
}
Event: 110.068 GC heap before
{Heap before GC invocations=396 (full 4):
 PSYoungGen      total 3072K, used 2752K [0x00000000d5580000, 0x00000000d5a80000, 0x0000000100000000)
  eden space 2560K, 100% used [0x00000000d5580000,0x00000000d5800000,0x00000000d5800000)
  from space 512K, 37% used [0x00000000d5980000,0x00000000d59b0000,0x00000000d5a00000)
  to   space 512K, 0% used [0x00000000d5a00000,0x00000000d5a00000,0x00000000d5a80000)
 ParOldGen       total 176128K, used 138855K [0x0000000080000000, 0x000000008ac00000, 0x00000000d5580000)
  object space 176128K, 78% used [0x0000000080000000,0x0000000088799f08,0x000000008ac00000)
 Metaspace       used 81572K, committed 83328K, reserved 1179648K
  class space    used 8435K, committed 9280K, reserved 1048576K
}
Event: 110.070 GC heap after
{Heap after GC invocations=396 (full 4):
 PSYoungGen      total 3072K, used 218K [0x00000000d5580000, 0x00000000d5a80000, 0x0000000100000000)
  eden space 2560K, 0% used [0x00000000d5580000,0x00000000d5580000,0x00000000d5800000)
  from space 512K, 42% used [0x00000000d5a00000,0x00000000d5a36900,0x00000000d5a80000)
  to   space 512K, 0% used [0x00000000d5980000,0x00000000d5980000,0x00000000d5a00000)
 ParOldGen       total 176128K, used 138895K [0x0000000080000000, 0x000000008ac00000, 0x00000000d5580000)
  object space 176128K, 78% used [0x0000000080000000,0x00000000887a3f08,0x000000008ac00000)
 Metaspace       used 81572K, committed 83328K, reserved 1179648K
  class space    used 8435K, committed 9280K, reserved 1048576K
}
Event: 163.393 GC heap before
{Heap before GC invocations=397 (full 4):
 PSYoungGen      total 3072K, used 2778K [0x00000000d5580000, 0x00000000d5a80000, 0x0000000100000000)
  eden space 2560K, 100% used [0x00000000d5580000,0x00000000d5800000,0x00000000d5800000)
  from space 512K, 42% used [0x00000000d5a00000,0x00000000d5a36900,0x00000000d5a80000)
  to   space 512K, 0% used [0x00000000d5980000,0x00000000d5980000,0x00000000d5a00000)
 ParOldGen       total 176128K, used 138895K [0x0000000080000000, 0x000000008ac00000, 0x00000000d5580000)
  object space 176128K, 78% used [0x0000000080000000,0x00000000887a3f08,0x000000008ac00000)
 Metaspace       used 81578K, committed 83392K, reserved 1179648K
  class space    used 8435K, committed 9280K, reserved 1048576K
}
Event: 163.396 GC heap after
{Heap after GC invocations=397 (full 4):
 PSYoungGen      total 3072K, used 224K [0x00000000d5580000, 0x00000000d5a80000, 0x0000000100000000)
  eden space 2560K, 0% used [0x00000000d5580000,0x00000000d5580000,0x00000000d5800000)
  from space 512K, 43% used [0x00000000d5980000,0x00000000d59b8000,0x00000000d5a00000)
  to   space 512K, 0% used [0x00000000d5a00000,0x00000000d5a00000,0x00000000d5a80000)
 ParOldGen       total 176128K, used 138903K [0x0000000080000000, 0x000000008ac00000, 0x00000000d5580000)
  object space 176128K, 78% used [0x0000000080000000,0x00000000887a5f08,0x000000008ac00000)
 Metaspace       used 81578K, committed 83392K, reserved 1179648K
  class space    used 8435K, committed 9280K, reserved 1048576K
}
Event: 163.697 GC heap before
{Heap before GC invocations=398 (full 4):
 PSYoungGen      total 3072K, used 2784K [0x00000000d5580000, 0x00000000d5a80000, 0x0000000100000000)
  eden space 2560K, 100% used [0x00000000d5580000,0x00000000d5800000,0x00000000d5800000)
  from space 512K, 43% used [0x00000000d5980000,0x00000000d59b8000,0x00000000d5a00000)
  to   space 512K, 0% used [0x00000000d5a00000,0x00000000d5a00000,0x00000000d5a80000)
 ParOldGen       total 176128K, used 138903K [0x0000000080000000, 0x000000008ac00000, 0x00000000d5580000)
  object space 176128K, 78% used [0x0000000080000000,0x00000000887a5f08,0x000000008ac00000)
 Metaspace       used 81585K, committed 83392K, reserved 1179648K
  class space    used 8435K, committed 9280K, reserved 1048576K
}
Event: 163.698 GC heap after
{Heap after GC invocations=398 (full 4):
 PSYoungGen      total 3072K, used 224K [0x00000000d5580000, 0x00000000d5a80000, 0x0000000100000000)
  eden space 2560K, 0% used [0x00000000d5580000,0x00000000d5580000,0x00000000d5800000)
  from space 512K, 43% used [0x00000000d5a00000,0x00000000d5a38000,0x00000000d5a80000)
  to   space 512K, 0% used [0x00000000d5980000,0x00000000d5980000,0x00000000d5a00000)
 ParOldGen       total 176128K, used 138935K [0x0000000080000000, 0x000000008ac00000, 0x00000000d5580000)
  object space 176128K, 78% used [0x0000000080000000,0x00000000887adf08,0x000000008ac00000)
 Metaspace       used 81585K, committed 83392K, reserved 1179648K
  class space    used 8435K, committed 9280K, reserved 1048576K
}
Event: 181.661 GC heap before
{Heap before GC invocations=399 (full 4):
 PSYoungGen      total 3072K, used 2784K [0x00000000d5580000, 0x00000000d5a80000, 0x0000000100000000)
  eden space 2560K, 100% used [0x00000000d5580000,0x00000000d5800000,0x00000000d5800000)
  from space 512K, 43% used [0x00000000d5a00000,0x00000000d5a38000,0x00000000d5a80000)
  to   space 512K, 0% used [0x00000000d5980000,0x00000000d5980000,0x00000000d5a00000)
 ParOldGen       total 176128K, used 138935K [0x0000000080000000, 0x000000008ac00000, 0x00000000d5580000)
  object space 176128K, 78% used [0x0000000080000000,0x00000000887adf08,0x000000008ac00000)
 Metaspace       used 81596K, committed 83392K, reserved 1179648K
  class space    used 8435K, committed 9280K, reserved 1048576K
}
Event: 181.663 GC heap after
{Heap after GC invocations=399 (full 4):
 PSYoungGen      total 3072K, used 192K [0x00000000d5580000, 0x00000000d5a80000, 0x0000000100000000)
  eden space 2560K, 0% used [0x00000000d5580000,0x00000000d5580000,0x00000000d5800000)
  from space 512K, 37% used [0x00000000d5980000,0x00000000d59b0000,0x00000000d5a00000)
  to   space 512K, 0% used [0x00000000d5a00000,0x00000000d5a00000,0x00000000d5a80000)
 ParOldGen       total 176128K, used 138983K [0x0000000080000000, 0x000000008ac00000, 0x00000000d5580000)
  object space 176128K, 78% used [0x0000000080000000,0x00000000887b9f08,0x000000008ac00000)
 Metaspace       used 81596K, committed 83392K, reserved 1179648K
  class space    used 8435K, committed 9280K, reserved 1048576K
}

